<?xml version="1.0" encoding="UTF-8"?>
<!-- Generated by org.testng.reporters.JUnitReportReporter -->
<testsuite skipped="0" hostname="LAPTOP-61U2IDA3" name="testcase.TC01_LoginDDT" tests="1" failures="0" timestamp="2022-06-24T14:58:21 IST" time="38.029" errors="0">
  <testcase name="test" time="38.029" classname="testcase.TC01_LoginDDT"/>
  <system-out/>
</testsuite> <!-- testcase.TC01_LoginDDT -->
